[debug] [2018-04-06T11:48:25.664Z] ----------------------------------------------------------------------
[debug] [2018-04-06T11:48:25.681Z] Command:       C:\Program Files\nodejs\node.exe C:\Users\Kutato_NordicICE\AppData\Roaming\npm\node_modules\firebase-tools\bin\firebase serve
[debug] [2018-04-06T11:48:25.682Z] CLI Version:   3.12.0
[debug] [2018-04-06T11:48:25.682Z] Platform:      win32
[debug] [2018-04-06T11:48:25.682Z] Node Version:  v6.11.3
[debug] [2018-04-06T11:48:25.682Z] Time:          Fri Apr 06 2018 13:48:25 GMT+0200 (Közép-európai nyári idő )
[debug] [2018-04-06T11:48:25.682Z] ----------------------------------------------------------------------
[debug] 
[debug] [2018-04-06T11:48:25.696Z] > command requires scopes: ["email","openid","https://www.googleapis.com/auth/cloudplatformprojects.readonly","https://www.googleapis.com/auth/firebase","https://www.googleapis.com/auth/cloud-platform"]
[debug] [2018-04-06T11:48:25.696Z] > authorizing via signed-in user
[debug] [2018-04-06T11:48:25.696Z] >>> HTTP REQUEST GET https://admin.firebase.com/v1/projects/xreport-f792c  
 Fri Apr 06 2018 13:48:25 GMT+0200 (Közép-európai nyári idő )
[debug] [2018-04-06T11:48:26.376Z] <<< HTTP RESPONSE 200
[debug] [2018-04-06T11:48:26.377Z] >>> HTTP REQUEST GET https://admin.firebase.com/v1/database/xreport-f792c/tokens  
 Fri Apr 06 2018 13:48:26 GMT+0200 (Közép-európai nyári idő )
[debug] [2018-04-06T11:48:27.006Z] <<< HTTP RESPONSE 200
[info] 
[info] === Serving from 'C:\Users\Kutato_NordicICE\Documents\xreport-builder'...
[info] 
[debug] [2018-04-06T11:48:27.008Z] >>> HTTP REQUEST GET https://cloudresourcemanager.googleapis.com/v1/projects/xreport-f792c  
 Fri Apr 06 2018 13:48:27 GMT+0200 (Közép-európai nyári idő )
[debug] [2018-04-06T11:48:27.883Z] <<< HTTP RESPONSE 200
[debug] [2018-04-06T11:48:27.883Z] >>> HTTP REQUEST GET https://mobilesdk-pa.googleapis.com/v1/projects/507317663509/clients/_:getWebAppConfig  
 Fri Apr 06 2018 13:48:27 GMT+0200 (Közép-európai nyári idő )
[debug] [2018-04-06T11:48:28.559Z] <<< HTTP RESPONSE 200
[info] i  hosting: Serving hosting files from: public
[info] +  hosting: Local server: http://localhost:5000

[debug] [2018-04-06T11:49:16.805Z] ----------------------------------------------------------------------
[debug] [2018-04-06T11:49:16.805Z] Command:       C:\Program Files\nodejs\node.exe C:\Users\Kutato_NordicICE\AppData\Roaming\npm\node_modules\firebase-tools\bin\firebase serve
[debug] [2018-04-06T11:49:16.805Z] CLI Version:   3.12.0
[debug] [2018-04-06T11:49:16.805Z] Platform:      win32
[debug] [2018-04-06T11:49:16.805Z] Node Version:  v6.11.3
[debug] [2018-04-06T11:49:16.805Z] Time:          Fri Apr 06 2018 13:49:16 GMT+0200 (Közép-európai nyári idő )
[debug] [2018-04-06T11:49:16.805Z] ----------------------------------------------------------------------
[debug] 
[debug] [2018-04-06T11:49:16.820Z] > command requires scopes: ["email","openid","https://www.googleapis.com/auth/cloudplatformprojects.readonly","https://www.googleapis.com/auth/firebase","https://www.googleapis.com/auth/cloud-platform"]
[debug] [2018-04-06T11:49:16.820Z] > authorizing via signed-in user
[debug] [2018-04-06T11:49:16.820Z] >>> HTTP REQUEST GET https://admin.firebase.com/v1/projects/xreport-f792c  
 Fri Apr 06 2018 13:49:16 GMT+0200 (Közép-európai nyári idő )
[debug] [2018-04-06T11:49:17.519Z] <<< HTTP RESPONSE 200
[debug] [2018-04-06T11:49:17.519Z] >>> HTTP REQUEST GET https://admin.firebase.com/v1/database/xreport-f792c/tokens  
 Fri Apr 06 2018 13:49:17 GMT+0200 (Közép-európai nyári idő )
[debug] [2018-04-06T11:49:18.082Z] <<< HTTP RESPONSE 200
[info] 
[info] === Serving from 'C:\Users\Kutato_NordicICE\Documents\xreport-builder'...
[info] 
[debug] [2018-04-06T11:49:18.082Z] >>> HTTP REQUEST GET https://cloudresourcemanager.googleapis.com/v1/projects/xreport-f792c  
 Fri Apr 06 2018 13:49:18 GMT+0200 (Közép-európai nyári idő )
[debug] [2018-04-06T11:49:18.910Z] <<< HTTP RESPONSE 200
[debug] [2018-04-06T11:49:18.910Z] >>> HTTP REQUEST GET https://mobilesdk-pa.googleapis.com/v1/projects/507317663509/clients/_:getWebAppConfig  
 Fri Apr 06 2018 13:49:18 GMT+0200 (Közép-európai nyári idő )
[debug] [2018-04-06T11:49:19.374Z] <<< HTTP RESPONSE 200
[info] i  hosting: Serving hosting files from: public
[info] +  hosting: Local server: http://localhost:5000

[debug] [2018-04-06T11:51:04.252Z] ----------------------------------------------------------------------
[debug] [2018-04-06T11:51:04.254Z] Command:       C:\Program Files\nodejs\node.exe C:\Users\Kutato_NordicICE\AppData\Roaming\npm\node_modules\firebase-tools\bin\firebase serve
[debug] [2018-04-06T11:51:04.255Z] CLI Version:   3.12.0
[debug] [2018-04-06T11:51:04.255Z] Platform:      win32
[debug] [2018-04-06T11:51:04.255Z] Node Version:  v6.11.3
[debug] [2018-04-06T11:51:04.255Z] Time:          Fri Apr 06 2018 13:51:04 GMT+0200 (Közép-európai nyári idő )
[debug] [2018-04-06T11:51:04.256Z] ----------------------------------------------------------------------
[debug] 
[debug] [2018-04-06T11:51:04.270Z] > command requires scopes: ["email","openid","https://www.googleapis.com/auth/cloudplatformprojects.readonly","https://www.googleapis.com/auth/firebase","https://www.googleapis.com/auth/cloud-platform"]
[debug] [2018-04-06T11:51:04.271Z] > authorizing via signed-in user
[debug] [2018-04-06T11:51:04.273Z] >>> HTTP REQUEST GET https://admin.firebase.com/v1/projects/xreport-f792c  
 Fri Apr 06 2018 13:51:04 GMT+0200 (Közép-európai nyári idő )
[debug] [2018-04-06T11:51:05.076Z] <<< HTTP RESPONSE 200
[debug] [2018-04-06T11:51:05.078Z] >>> HTTP REQUEST GET https://admin.firebase.com/v1/database/xreport-f792c/tokens  
 Fri Apr 06 2018 13:51:05 GMT+0200 (Közép-európai nyári idő )
[debug] [2018-04-06T11:51:05.708Z] <<< HTTP RESPONSE 200
[info] 
[info] === Serving from 'C:\Users\Kutato_NordicICE\Documents\xreport-builder'...
[info] 
[debug] [2018-04-06T11:51:05.713Z] >>> HTTP REQUEST GET https://cloudresourcemanager.googleapis.com/v1/projects/xreport-f792c  
 Fri Apr 06 2018 13:51:05 GMT+0200 (Közép-európai nyári idő )
[debug] [2018-04-06T11:51:06.537Z] <<< HTTP RESPONSE 200
[debug] [2018-04-06T11:51:06.538Z] >>> HTTP REQUEST GET https://mobilesdk-pa.googleapis.com/v1/projects/507317663509/clients/_:getWebAppConfig  
 Fri Apr 06 2018 13:51:06 GMT+0200 (Közép-európai nyári idő )
[debug] [2018-04-06T11:51:06.947Z] <<< HTTP RESPONSE 200
[info] i  hosting: Serving hosting files from: public
[info] +  hosting: Local server: http://localhost:5000

[debug] [2018-04-06T12:10:37.634Z] ----------------------------------------------------------------------
[debug] [2018-04-06T12:10:37.637Z] Command:       C:\Program Files\nodejs\node.exe C:\Users\Kutato_NordicICE\AppData\Roaming\npm\node_modules\firebase-tools\bin\firebase serve
[debug] [2018-04-06T12:10:37.637Z] CLI Version:   3.12.0
[debug] [2018-04-06T12:10:37.637Z] Platform:      win32
[debug] [2018-04-06T12:10:37.637Z] Node Version:  v6.11.3
[debug] [2018-04-06T12:10:37.638Z] Time:          Fri Apr 06 2018 14:10:37 GMT+0200 (Közép-európai nyári idő )
[debug] [2018-04-06T12:10:37.638Z] ----------------------------------------------------------------------
[debug] 
[debug] [2018-04-06T12:10:37.651Z] > command requires scopes: ["email","openid","https://www.googleapis.com/auth/cloudplatformprojects.readonly","https://www.googleapis.com/auth/firebase","https://www.googleapis.com/auth/cloud-platform"]
[debug] [2018-04-06T12:10:37.652Z] > authorizing via signed-in user
[debug] [2018-04-06T12:10:37.655Z] >>> HTTP REQUEST GET https://admin.firebase.com/v1/projects/xreport-f792c  
 Fri Apr 06 2018 14:10:37 GMT+0200 (Közép-európai nyári idő )
[debug] [2018-04-06T12:10:38.370Z] <<< HTTP RESPONSE 200
[debug] [2018-04-06T12:10:38.372Z] >>> HTTP REQUEST GET https://admin.firebase.com/v1/database/xreport-f792c/tokens  
 Fri Apr 06 2018 14:10:38 GMT+0200 (Közép-európai nyári idő )
[debug] [2018-04-06T12:10:38.988Z] <<< HTTP RESPONSE 200
[info] 
[info] === Serving from 'C:\Users\Kutato_NordicICE\Documents\xreport-builder'...
[info] 
[debug] [2018-04-06T12:10:38.994Z] >>> HTTP REQUEST GET https://cloudresourcemanager.googleapis.com/v1/projects/xreport-f792c  
 Fri Apr 06 2018 14:10:38 GMT+0200 (Közép-európai nyári idő )
[debug] [2018-04-06T12:10:39.791Z] <<< HTTP RESPONSE 200
[debug] [2018-04-06T12:10:39.792Z] >>> HTTP REQUEST GET https://mobilesdk-pa.googleapis.com/v1/projects/507317663509/clients/_:getWebAppConfig  
 Fri Apr 06 2018 14:10:39 GMT+0200 (Közép-európai nyári idő )
[debug] [2018-04-06T12:10:40.313Z] <<< HTTP RESPONSE 200
[info] i  hosting: Serving hosting files from: public
[info] +  hosting: Local server: http://localhost:5000

[debug] [2018-04-06T12:11:34.343Z] ----------------------------------------------------------------------
[debug] [2018-04-06T12:11:34.343Z] Command:       C:\Program Files\nodejs\node.exe C:\Users\Kutato_NordicICE\AppData\Roaming\npm\node_modules\firebase-tools\bin\firebase serve
[debug] [2018-04-06T12:11:34.343Z] CLI Version:   3.12.0
[debug] [2018-04-06T12:11:34.343Z] Platform:      win32
[debug] [2018-04-06T12:11:34.343Z] Node Version:  v6.11.3
[debug] [2018-04-06T12:11:34.343Z] Time:          Fri Apr 06 2018 14:11:34 GMT+0200 (Közép-európai nyári idő )
[debug] [2018-04-06T12:11:34.343Z] ----------------------------------------------------------------------
[debug] 
[debug] [2018-04-06T12:11:34.358Z] > command requires scopes: ["email","openid","https://www.googleapis.com/auth/cloudplatformprojects.readonly","https://www.googleapis.com/auth/firebase","https://www.googleapis.com/auth/cloud-platform"]
[debug] [2018-04-06T12:11:34.358Z] > authorizing via signed-in user
[debug] [2018-04-06T12:11:34.358Z] >>> HTTP REQUEST GET https://admin.firebase.com/v1/projects/xreport-f792c  
 Fri Apr 06 2018 14:11:34 GMT+0200 (Közép-európai nyári idő )
[debug] [2018-04-06T12:11:35.088Z] <<< HTTP RESPONSE 200
[debug] [2018-04-06T12:11:35.088Z] >>> HTTP REQUEST GET https://admin.firebase.com/v1/database/xreport-f792c/tokens  
 Fri Apr 06 2018 14:11:35 GMT+0200 (Közép-európai nyári idő )
[debug] [2018-04-06T12:11:35.660Z] <<< HTTP RESPONSE 200
[info] 
[info] === Serving from 'C:\Users\Kutato_NordicICE\Documents\xreport-builder'...
[info] 
[debug] [2018-04-06T12:11:35.660Z] >>> HTTP REQUEST GET https://cloudresourcemanager.googleapis.com/v1/projects/xreport-f792c  
 Fri Apr 06 2018 14:11:35 GMT+0200 (Közép-európai nyári idő )
[debug] [2018-04-06T12:11:36.459Z] <<< HTTP RESPONSE 200
[debug] [2018-04-06T12:11:36.459Z] >>> HTTP REQUEST GET https://mobilesdk-pa.googleapis.com/v1/projects/507317663509/clients/_:getWebAppConfig  
 Fri Apr 06 2018 14:11:36 GMT+0200 (Közép-európai nyári idő )
[debug] [2018-04-06T12:11:36.959Z] <<< HTTP RESPONSE 200
[info] i  hosting: Serving hosting files from: public
[info] +  hosting: Local server: http://localhost:5000

[debug] [2018-04-06T12:14:00.481Z] ----------------------------------------------------------------------
[debug] [2018-04-06T12:14:00.483Z] Command:       C:\Program Files\nodejs\node.exe C:\Users\Kutato_NordicICE\AppData\Roaming\npm\node_modules\firebase-tools\bin\firebase serve
[debug] [2018-04-06T12:14:00.484Z] CLI Version:   3.12.0
[debug] [2018-04-06T12:14:00.484Z] Platform:      win32
[debug] [2018-04-06T12:14:00.484Z] Node Version:  v6.11.3
[debug] [2018-04-06T12:14:00.484Z] Time:          Fri Apr 06 2018 14:14:00 GMT+0200 (Közép-európai nyári idő )
[debug] [2018-04-06T12:14:00.485Z] ----------------------------------------------------------------------
[debug] 
[debug] [2018-04-06T12:14:00.498Z] > command requires scopes: ["email","openid","https://www.googleapis.com/auth/cloudplatformprojects.readonly","https://www.googleapis.com/auth/firebase","https://www.googleapis.com/auth/cloud-platform"]
[debug] [2018-04-06T12:14:00.499Z] > authorizing via signed-in user
[debug] [2018-04-06T12:14:00.501Z] >>> HTTP REQUEST GET https://admin.firebase.com/v1/projects/xreport-f792c  
 Fri Apr 06 2018 14:14:00 GMT+0200 (Közép-európai nyári idő )
[debug] [2018-04-06T12:14:01.208Z] <<< HTTP RESPONSE 200
[debug] [2018-04-06T12:14:01.210Z] >>> HTTP REQUEST GET https://admin.firebase.com/v1/database/xreport-f792c/tokens  
 Fri Apr 06 2018 14:14:01 GMT+0200 (Közép-európai nyári idő )
[debug] [2018-04-06T12:14:01.835Z] <<< HTTP RESPONSE 200
[info] 
[info] === Serving from 'C:\Users\Kutato_NordicICE\Documents\xreport-builder'...
[info] 
[debug] [2018-04-06T12:14:01.840Z] >>> HTTP REQUEST GET https://cloudresourcemanager.googleapis.com/v1/projects/xreport-f792c  
 Fri Apr 06 2018 14:14:01 GMT+0200 (Közép-európai nyári idő )
[debug] [2018-04-06T12:14:02.632Z] <<< HTTP RESPONSE 200
[debug] [2018-04-06T12:14:02.633Z] >>> HTTP REQUEST GET https://mobilesdk-pa.googleapis.com/v1/projects/507317663509/clients/_:getWebAppConfig  
 Fri Apr 06 2018 14:14:02 GMT+0200 (Közép-európai nyári idő )
[debug] [2018-04-06T12:14:03.055Z] <<< HTTP RESPONSE 200
[info] i  hosting: Serving hosting files from: public
[info] +  hosting: Local server: http://localhost:5000

[debug] [2018-04-06T12:16:37.298Z] ----------------------------------------------------------------------
[debug] [2018-04-06T12:16:37.298Z] Command:       C:\Program Files\nodejs\node.exe C:\Users\Kutato_NordicICE\AppData\Roaming\npm\node_modules\firebase-tools\bin\firebase serve
[debug] [2018-04-06T12:16:37.298Z] CLI Version:   3.12.0
[debug] [2018-04-06T12:16:37.298Z] Platform:      win32
[debug] [2018-04-06T12:16:37.298Z] Node Version:  v6.11.3
[debug] [2018-04-06T12:16:37.298Z] Time:          Fri Apr 06 2018 14:16:37 GMT+0200 (Közép-európai nyári idő )
[debug] [2018-04-06T12:16:37.298Z] ----------------------------------------------------------------------
[debug] 
[debug] [2018-04-06T12:16:37.330Z] > command requires scopes: ["email","openid","https://www.googleapis.com/auth/cloudplatformprojects.readonly","https://www.googleapis.com/auth/firebase","https://www.googleapis.com/auth/cloud-platform"]
[debug] [2018-04-06T12:16:37.330Z] > authorizing via signed-in user
[debug] [2018-04-06T12:16:37.330Z] >>> HTTP REQUEST GET https://admin.firebase.com/v1/projects/xreport-f792c  
 Fri Apr 06 2018 14:16:37 GMT+0200 (Közép-európai nyári idő )
[debug] [2018-04-06T12:16:38.026Z] <<< HTTP RESPONSE 200
[debug] [2018-04-06T12:16:38.042Z] >>> HTTP REQUEST GET https://admin.firebase.com/v1/database/xreport-f792c/tokens  
 Fri Apr 06 2018 14:16:38 GMT+0200 (Közép-európai nyári idő )
[debug] [2018-04-06T12:16:38.677Z] <<< HTTP RESPONSE 200
[info] 
[info] === Serving from 'C:\Users\Kutato_NordicICE\Documents\xreport-builder'...
[info] 
[debug] [2018-04-06T12:16:38.693Z] >>> HTTP REQUEST GET https://cloudresourcemanager.googleapis.com/v1/projects/xreport-f792c  
 Fri Apr 06 2018 14:16:38 GMT+0200 (Közép-európai nyári idő )
[debug] [2018-04-06T12:16:39.533Z] <<< HTTP RESPONSE 200
[debug] [2018-04-06T12:16:39.534Z] >>> HTTP REQUEST GET https://mobilesdk-pa.googleapis.com/v1/projects/507317663509/clients/_:getWebAppConfig  
 Fri Apr 06 2018 14:16:39 GMT+0200 (Közép-európai nyári idő )
[debug] [2018-04-06T12:16:39.937Z] <<< HTTP RESPONSE 200
[info] i  hosting: Serving hosting files from: public
[info] +  hosting: Local server: http://localhost:5000

